<?xml version="1.0" encoding="UTF-8"?>
<!-- Generated by org.testng.reporters.JUnitReportReporter -->
<testsuite skipped="0" hostname="SUMMAITY-LAP" name="new1.GetAuth" tests="1" failures="0" timestamp="20 Oct 2019 11:50:05 GMT" time="3.141" errors="0">
  <testcase name="GetWeatherDetailsWithAuth" time="3.141" classname="new1.GetAuth"/>
</testsuite> <!-- new1.GetAuth -->
