<?xml version="1.0" encoding="UTF-8"?>
<!-- Generated by org.testng.reporters.JUnitReportReporter -->
<testsuite skipped="0" hostname="SUMMAITY-LAP" name="new1.PutUpdateEmpID" tests="1" failures="0" timestamp="20 Oct 2019 06:50:06 GMT" time="4.411" errors="0">
  <testcase name="putReq" time="4.411" classname="new1.PutUpdateEmpID"/>
</testsuite> <!-- new1.PutUpdateEmpID -->
