<?xml version="1.0" encoding="UTF-8"?>
<!-- Generated by org.testng.reporters.JUnitReportReporter -->
<testsuite skipped="0" hostname="SUMMAITY-LAP" name="rest.service.Services" tests="1" failures="0" timestamp="18 Aug 2019 06:56:50 GMT" time="3.039" errors="0">
  <testcase name="GetWeatherDetails" time="3.039" classname="rest.service.Services"/>
</testsuite> <!-- rest.service.Services -->
