<?xml version="1.0" encoding="UTF-8"?>
<!-- Generated by org.testng.reporters.JUnitReportReporter -->
<testsuite skipped="0" hostname="SUMMAITY-LAP" name="new1.GetRequest" tests="1" failures="0" timestamp="19 Oct 2019 14:49:43 GMT" time="3.697" errors="0">
  <testcase name="statusCode" time="3.697" classname="new1.GetRequest"/>
</testsuite> <!-- new1.GetRequest -->
