<?xml version="1.0" encoding="UTF-8"?>
<!-- Generated by org.testng.reporters.JUnitReportReporter -->
<testsuite skipped="0" hostname="SUMMAITY-LAP" name="new1.ValidateJsonFile" tests="1" failures="0" timestamp="19 Oct 2019 15:00:44 GMT" time="0.030" errors="0">
  <testcase name="validateJsonInFile" time="0.030" classname="new1.ValidateJsonFile"/>
</testsuite> <!-- new1.ValidateJsonFile -->
