<?xml version="1.0" encoding="UTF-8"?>
<!-- Generated by org.testng.reporters.JUnitReportReporter -->
<testsuite skipped="0" hostname="SUMMAITY-LAP" name="new1.DeleteReq" tests="1" failures="0" timestamp="27 Oct 2019 02:51:14 GMT" time="8.110" errors="0">
  <testcase name="DeleteRecord" time="8.110" classname="new1.DeleteReq"/>
</testsuite> <!-- new1.DeleteReq -->
