<?xml version="1.0" encoding="UTF-8"?>
<!-- Generated by org.testng.reporters.JUnitReportReporter -->
<testsuite skipped="0" hostname="SUMMAITY-LAP" name="new1.PostCustomerRequest" tests="1" failures="0" timestamp="19 Oct 2019 16:53:14 GMT" time="6.989" errors="0">
  <testcase name="postReq" time="6.989" classname="new1.PostCustomerRequest"/>
</testsuite> <!-- new1.PostCustomerRequest -->
