<?xml version="1.0" encoding="UTF-8"?>
<!-- Generated by org.testng.reporters.JUnitReportReporter -->
<testsuite skipped="0" hostname="SUMMAITY-LAP" name="new1.DirectionDuration" tests="1" failures="0" timestamp="19 Oct 2019 15:03:24 GMT" time="4.748" errors="0">
  <testcase name="statusCode" time="4.748" classname="new1.DirectionDuration"/>
</testsuite> <!-- new1.DirectionDuration -->
