<?xml version="1.0" encoding="UTF-8"?>
<!-- Generated by org.testng.reporters.JUnitReportReporter -->
<testsuite skipped="0" hostname="SUMMAITY-LAP" name="new1.DeleteReq" tests="1" failures="0" timestamp="20 Oct 2019 06:54:45 GMT" time="7.818" errors="0">
  <testcase name="DeleteRecord" time="7.818" classname="new1.DeleteReq"/>
</testsuite> <!-- new1.DeleteReq -->
