<?xml version="1.0" encoding="UTF-8"?>
<!-- Generated by org.testng.reporters.JUnitReportReporter -->
<testsuite skipped="0" hostname="SUMMAITY-LAP" name="new1.rest" tests="1" failures="0" timestamp="18 Aug 2019 06:43:45 GMT" time="3.425" errors="0">
  <testcase name="GetWeatherDetails" time="3.425" classname="new1.rest"/>
</testsuite> <!-- new1.rest -->
