<?xml version="1.0" encoding="UTF-8"?>
<!-- Generated by org.testng.reporters.JUnitReportReporter -->
<testsuite skipped="0" hostname="SUMMAITY-LAP" name="new1.GetAuth" tests="2" failures="0" timestamp="20 Oct 2019 06:05:55 GMT" time="5.753" errors="0">
  <testcase name="GetWeatherDetailsWithoutAuth" time="1.187" classname="new1.GetAuth"/>
  <testcase name="GetWeatherDetailsWithAuth" time="4.566" classname="new1.GetAuth"/>
</testsuite> <!-- new1.GetAuth -->
