<?xml version="1.0" encoding="UTF-8"?>
<!-- Generated by org.testng.reporters.JUnitReportReporter -->
<testsuite skipped="0" hostname="SUMMAITY-LAP" name="new1.GetWeather" tests="1" failures="0" timestamp="20 Oct 2019 11:08:51 GMT" time="3.591" errors="0">
  <testcase name="GetWeatherDetails" time="3.591" classname="new1.GetWeather"/>
</testsuite> <!-- new1.GetWeather -->
